<?xml version="1.0" encoding="UTF-8"?>
<testsuite xmlns:xsi="http://www.w3.org/2001/XMLSchema-instance" xsi:noNamespaceSchemaLocation="https://maven.apache.org/surefire/maven-surefire-plugin/xsd/surefire-test-report-3.0.xsd" version="3.0" name="com.cccmant.api_mantenimientos.ApiMantenimientosApplicationTests" time="8.671" tests="1" errors="0" skipped="0" failures="0">
  <properties>
[...]
</properties>
  <testcase name="contextLoads" classname="com.cccmant.api_mantenimientos.ApiMantenimientosApplicationTests" time="0.663">
    <system-out><![CDATA[17:19:52.270 [main] INFO org.springframework.test.context.support.AnnotationConfigContextLoaderUtils -- Could not detect default configuration classes for test class [com.cccmant.api_mantenimientos.ApiMantenimientosApplicationTests]: ApiMantenimientosApplicationTests does not declare any static, non-private, non-final, nested classes annotated with @Configuration.
17:19:52.379 [main] INFO org.springframework.boot.test.context.SpringBootTestContextBootstrapper -- Found @SpringBootConfiguration com.cccmant.api_mantenimientos.ApiMantenimientosApplication for test class com.cccmant.api_mantenimientos.ApiMantenimientosApplicationTests
17:19:52.574 [main] INFO org.springframework.boot.devtools.restart.RestartApplicationListener -- Restart disabled due to context in which it is running

  .   ____          _            __ _ _
 /\\ / ___'_ __ _ _(_)_ __  __ _ \ \ \ \
( ( )\___ | '_ | '_| | '_ \/ _` | \ \ \ \
 \\/  ___)| |_)| | | | | || (_| |  ) ) ) )
  '  |____| .__|_| |_|_| |_\__, | / / / /
 =========|_|==============|___/=/_/_/_/
 :: Spring Boot ::                (v3.2.4)

2024-04-18T17:19:52.825-05:00  WARN 25236 --- [api_mantenimientos] [           main] ory$DuplicateJsonObjectContextCustomizer : 

Found multiple occurrences of org.json.JSONObject on the class path:

	jar:file:/C:/Users/AdministradroCCC/.m2/repository/com/vaadin/external/google/android-json/0.0.20131108.vaadin1/android-json-0.0.20131108.vaadin1.jar!/org/json/JSONObject.class
	jar:file:/C:/Users/AdministradroCCC/.m2/repository/org/json/json/20240303/json-20240303.jar!/org/json/JSONObject.class

You may wish to exclude one of them to ensure predictable runtime behavior

2024-04-18T17:19:52.851-05:00  INFO 25236 --- [api_mantenimientos] [           main] c.c.a.ApiMantenimientosApplicationTests  : Starting ApiMantenimientosApplicationTests using Java 21.0.2 with PID 25236 (started by AdministradroCCC in C:\Users\AdministradroCCC\Documents\GitHub\api_mantenimientos)
2024-04-18T17:19:52.852-05:00  INFO 25236 --- [api_mantenimientos] [           main] c.c.a.ApiMantenimientosApplicationTests  : No active profile set, falling back to 1 default profile: "default"
2024-04-18T17:19:53.918-05:00  INFO 25236 --- [api_mantenimientos] [           main] .s.d.r.c.RepositoryConfigurationDelegate : Bootstrapping Spring Data JPA repositories in DEFAULT mode.
2024-04-18T17:19:53.979-05:00  INFO 25236 --- [api_mantenimientos] [           main] .s.d.r.c.RepositoryConfigurationDelegate : Finished Spring Data repository scanning in 53 ms. Found 4 JPA repository interfaces.
2024-04-18T17:19:54.404-05:00  WARN 25236 --- [api_mantenimientos] [           main] trationDelegate$BeanPostProcessorChecker : Bean 'org.springframework.ws.config.annotation.DelegatingWsConfiguration' of type [org.springframework.ws.config.annotation.DelegatingWsConfiguration$$SpringCGLIB$$0] is not eligible for getting processed by all BeanPostProcessors (for example: not eligible for auto-proxying). The currently created BeanPostProcessor [annotationActionEndpointMapping] is declared through a non-static factory method on that class; consider declaring it as static instead.
2024-04-18T17:19:54.468-05:00  INFO 25236 --- [api_mantenimientos] [           main] .w.s.a.s.AnnotationActionEndpointMapping : Supporting [WS-Addressing August 2004, WS-Addressing 1.0]
2024-04-18T17:19:54.946-05:00  INFO 25236 --- [api_mantenimientos] [           main] com.zaxxer.hikari.HikariDataSource       : HikariPool-1 - Starting...
2024-04-18T17:19:54.953-05:00  WARN 25236 --- [api_mantenimientos] [           main] c.zaxxer.hikari.util.DriverDataSource    : Registered driver with driverClassName=com.mysql.jdbc.Driver was not found, trying direct instantiation.
2024-04-18T17:19:55.254-05:00  INFO 25236 --- [api_mantenimientos] [           main] com.zaxxer.hikari.pool.HikariPool        : HikariPool-1 - Added connection com.mysql.cj.jdbc.ConnectionImpl@734fbae3
2024-04-18T17:19:55.256-05:00  INFO 25236 --- [api_mantenimientos] [           main] com.zaxxer.hikari.HikariDataSource       : HikariPool-1 - Start completed.
2024-04-18T17:19:55.311-05:00  INFO 25236 --- [api_mantenimientos] [           main] o.hibernate.jpa.internal.util.LogHelper  : HHH000204: Processing PersistenceUnitInfo [name: default]
2024-04-18T17:19:55.400-05:00  INFO 25236 --- [api_mantenimientos] [           main] org.hibernate.Version                    : HHH000412: Hibernate ORM core version 6.4.4.Final
2024-04-18T17:19:55.455-05:00  INFO 25236 --- [api_mantenimientos] [           main] o.h.c.internal.RegionFactoryInitiator    : HHH000026: Second-level cache disabled
2024-04-18T17:19:55.811-05:00  INFO 25236 --- [api_mantenimientos] [           main] o.s.o.j.p.SpringPersistenceUnitInfo      : No LoadTimeWeaver setup: ignoring JPA class transformer
2024-04-18T17:19:55.916-05:00  WARN 25236 --- [api_mantenimientos] [           main] org.hibernate.dialect.Dialect            : HHH000511: The 5.5.0 version for [org.hibernate.dialect.MySQLDialect] is no longer supported, hence certain features may not work properly. The minimum supported version is 8.0.0. Check the community dialects project for available legacy versions.
2024-04-18T17:19:57.097-05:00  INFO 25236 --- [api_mantenimientos] [           main] o.h.e.t.j.p.i.JtaPlatformInitiator       : HHH000489: No JTA platform available (set 'hibernate.transaction.jta.platform' to enable JTA platform integration)
2024-04-18T17:19:57.101-05:00  INFO 25236 --- [api_mantenimientos] [           main] j.LocalContainerEntityManagerFactoryBean : Initialized JPA EntityManagerFactory for persistence unit 'default'
2024-04-18T17:19:57.585-05:00  INFO 25236 --- [api_mantenimientos] [           main] o.s.d.j.r.query.QueryEnhancerFactory     : Hibernate is in classpath; If applicable, HQL parser will be used.
2024-04-18T17:19:58.442-05:00  WARN 25236 --- [api_mantenimientos] [           main] JpaBaseConfiguration$JpaWebConfiguration : spring.jpa.open-in-view is enabled by default. Therefore, database queries may be performed during view rendering. Explicitly configure spring.jpa.open-in-view to disable this warning
2024-04-18T17:19:59.469-05:00  WARN 25236 --- [api_mantenimientos] [           main] .s.s.UserDetailsServiceAutoConfiguration : 

Using generated security password: 764589bf-44d5-4970-90f6-49bc80eac77d

This generated password is for development use only. Your security configuration must be updated before running your application in production.

2024-04-18T17:19:59.669-05:00  INFO 25236 --- [api_mantenimientos] [           main] o.s.b.a.e.web.EndpointLinksResolver      : Exposing 1 endpoint(s) beneath base path '/actuator'
2024-04-18T17:19:59.705-05:00  INFO 25236 --- [api_mantenimientos] [           main] o.s.s.web.DefaultSecurityFilterChain     : Will secure any request with [org.springframework.security.web.session.DisableEncodeUrlFilter@20ee12d8, org.springframework.security.web.context.request.async.WebAsyncManagerIntegrationFilter@519f6adb, org.springframework.security.web.context.SecurityContextHolderFilter@d4a4ba, org.springframework.security.web.header.HeaderWriterFilter@435d74ba, org.springframework.web.filter.CorsFilter@654be52b, org.springframework.security.web.csrf.CsrfFilter@72a522f1, org.springframework.security.web.authentication.logout.LogoutFilter@6dd729, org.springframework.security.web.authentication.UsernamePasswordAuthenticationFilter@85420, org.springframework.security.web.authentication.ui.DefaultLoginPageGeneratingFilter@7ba821ef, org.springframework.security.web.authentication.ui.DefaultLogoutPageGeneratingFilter@22938166, org.springframework.security.web.authentication.www.BasicAuthenticationFilter@21eb33d4, org.springframework.security.web.savedrequest.RequestCacheAwareFilter@4c33450c, org.springframework.security.web.servletapi.SecurityContextHolderAwareRequestFilter@39482f2b, org.springframework.security.web.authentication.AnonymousAuthenticationFilter@72bb3f3e, org.springframework.security.web.access.ExceptionTranslationFilter@ab2ac08, org.springframework.security.web.access.intercept.AuthorizationFilter@20bd4fd2]
2024-04-18T17:19:59.943-05:00  INFO 25236 --- [api_mantenimientos] [           main] c.c.a.ApiMantenimientosApplicationTests  : Started ApiMantenimientosApplicationTests in 7.388 seconds (process running for 8.471)
]]></system-out>
    <system-err><![CDATA[Loading class `com.mysql.jdbc.Driver'. This is deprecated. The new driver class is `com.mysql.cj.jdbc.Driver'. The driver is automatically registered via the SPI and manual loading of the driver class is generally unnecessary.
WARNING: A Java agent has been loaded dynamically (C:\Users\AdministradroCCC\.m2\repository\net\bytebuddy\byte-buddy-agent\1.14.12\byte-buddy-agent-1.14.12.jar)
WARNING: If a serviceability tool is in use, please run with -XX:+EnableDynamicAgentLoading to hide this warning
WARNING: If a serviceability tool is not in use, please run with -Djdk.instrument.traceUsage for more information
WARNING: Dynamic loading of agents will be disallowed by default in a future release
]]></system-err>
  </testcase>
</testsuite>